  main.cpp
c:\users\vmontero\documents\megasync\chip8emulator\src\main.cpp(34): warning C4244: 'argument' : conversion from 'time_t' to 'unsigned int', possible loss of data
  Chip8Machine.cpp
c:\users\vmontero\documents\megasync\chip8emulator\src\chip8machine.cpp(15): warning C4309: '=' : truncation of constant value
c:\users\vmontero\documents\megasync\chip8emulator\src\chip8machine.cpp(16): warning C4309: '=' : truncation of constant value
c:\users\vmontero\documents\megasync\chip8emulator\src\chip8machine.cpp(17): warning C4309: '=' : truncation of constant value
c:\users\vmontero\documents\megasync\chip8emulator\src\chip8machine.cpp(18): warning C4309: '=' : truncation of constant value
c:\users\vmontero\documents\megasync\chip8emulator\src\chip8machine.cpp(19): warning C4309: '=' : truncation of constant value
c:\users\vmontero\documents\megasync\chip8emulator\src\chip8machine.cpp(27): warning C4309: '=' : truncation of constant value
c:\users\vmontero\documents\megasync\chip8emulator\src\chip8machine.cpp(29): warning C4309: '=' : truncation of constant value
c:\users\vmontero\documents\megasync\chip8emulator\src\chip8machine.cpp(30): warning C4309: '=' : truncation of constant value
c:\users\vmontero\documents\megasync\chip8emulator\src\chip8machine.cpp(31): warning C4309: '=' : truncation of constant value
c:\users\vmontero\documents\megasync\chip8emulator\src\chip8machine.cpp(33): warning C4309: '=' : truncation of constant value
c:\users\vmontero\documents\megasync\chip8emulator\src\chip8machine.cpp(35): warning C4309: '=' : truncation of constant value
c:\users\vmontero\documents\megasync\chip8emulator\src\chip8machine.cpp(37): warning C4309: '=' : truncation of constant value
c:\users\vmontero\documents\megasync\chip8emulator\src\chip8machine.cpp(39): warning C4309: '=' : truncation of constant value
c:\users\vmontero\documents\megasync\chip8emulator\src\chip8machine.cpp(40): warning C4309: '=' : truncation of constant value
c:\users\vmontero\documents\megasync\chip8emulator\src\chip8machine.cpp(41): warning C4309: '=' : truncation of constant value
c:\users\vmontero\documents\megasync\chip8emulator\src\chip8machine.cpp(45): warning C4309: '=' : truncation of constant value
c:\users\vmontero\documents\megasync\chip8emulator\src\chip8machine.cpp(46): warning C4309: '=' : truncation of constant value
c:\users\vmontero\documents\megasync\chip8emulator\src\chip8machine.cpp(47): warning C4309: '=' : truncation of constant value
c:\users\vmontero\documents\megasync\chip8emulator\src\chip8machine.cpp(49): warning C4309: '=' : truncation of constant value
c:\users\vmontero\documents\megasync\chip8emulator\src\chip8machine.cpp(51): warning C4309: '=' : truncation of constant value
c:\users\vmontero\documents\megasync\chip8emulator\src\chip8machine.cpp(52): warning C4309: '=' : truncation of constant value
c:\users\vmontero\documents\megasync\chip8emulator\src\chip8machine.cpp(53): warning C4309: '=' : truncation of constant value
c:\users\vmontero\documents\megasync\chip8emulator\src\chip8machine.cpp(54): warning C4309: '=' : truncation of constant value
c:\users\vmontero\documents\megasync\chip8emulator\src\chip8machine.cpp(55): warning C4309: '=' : truncation of constant value
c:\users\vmontero\documents\megasync\chip8emulator\src\chip8machine.cpp(57): warning C4309: '=' : truncation of constant value
c:\users\vmontero\documents\megasync\chip8emulator\src\chip8machine.cpp(63): warning C4309: '=' : truncation of constant value
c:\users\vmontero\documents\megasync\chip8emulator\src\chip8machine.cpp(64): warning C4309: '=' : truncation of constant value
c:\users\vmontero\documents\megasync\chip8emulator\src\chip8machine.cpp(65): warning C4309: '=' : truncation of constant value
c:\users\vmontero\documents\megasync\chip8emulator\src\chip8machine.cpp(66): warning C4309: '=' : truncation of constant value
c:\users\vmontero\documents\megasync\chip8emulator\src\chip8machine.cpp(67): warning C4309: '=' : truncation of constant value
c:\users\vmontero\documents\megasync\chip8emulator\src\chip8machine.cpp(69): warning C4309: '=' : truncation of constant value
c:\users\vmontero\documents\megasync\chip8emulator\src\chip8machine.cpp(70): warning C4309: '=' : truncation of constant value
c:\users\vmontero\documents\megasync\chip8emulator\src\chip8machine.cpp(71): warning C4309: '=' : truncation of constant value
c:\users\vmontero\documents\megasync\chip8emulator\src\chip8machine.cpp(73): warning C4309: '=' : truncation of constant value
c:\users\vmontero\documents\megasync\chip8emulator\src\chip8machine.cpp(75): warning C4309: '=' : truncation of constant value
c:\users\vmontero\documents\megasync\chip8emulator\src\chip8machine.cpp(76): warning C4309: '=' : truncation of constant value
c:\users\vmontero\documents\megasync\chip8emulator\src\chip8machine.cpp(77): warning C4309: '=' : truncation of constant value
c:\users\vmontero\documents\megasync\chip8emulator\src\chip8machine.cpp(78): warning C4309: '=' : truncation of constant value
c:\users\vmontero\documents\megasync\chip8emulator\src\chip8machine.cpp(79): warning C4309: '=' : truncation of constant value
c:\users\vmontero\documents\megasync\chip8emulator\src\chip8machine.cpp(81): warning C4309: '=' : truncation of constant value
c:\users\vmontero\documents\megasync\chip8emulator\src\chip8machine.cpp(82): warning C4309: '=' : truncation of constant value
c:\users\vmontero\documents\megasync\chip8emulator\src\chip8machine.cpp(83): warning C4309: '=' : truncation of constant value
c:\users\vmontero\documents\megasync\chip8emulator\src\chip8machine.cpp(84): warning C4309: '=' : truncation of constant value
c:\users\vmontero\documents\megasync\chip8emulator\src\chip8machine.cpp(85): warning C4309: '=' : truncation of constant value
c:\users\vmontero\documents\megasync\chip8emulator\src\chip8machine.cpp(87): warning C4309: '=' : truncation of constant value
c:\users\vmontero\documents\megasync\chip8emulator\src\chip8machine.cpp(88): warning C4309: '=' : truncation of constant value
c:\users\vmontero\documents\megasync\chip8emulator\src\chip8machine.cpp(89): warning C4309: '=' : truncation of constant value
c:\users\vmontero\documents\megasync\chip8emulator\src\chip8machine.cpp(90): warning C4309: '=' : truncation of constant value
c:\users\vmontero\documents\megasync\chip8emulator\src\chip8machine.cpp(91): warning C4309: '=' : truncation of constant value
c:\users\vmontero\documents\megasync\chip8emulator\src\chip8machine.cpp(93): warning C4309: '=' : truncation of constant value
c:\users\vmontero\documents\megasync\chip8emulator\src\chip8machine.cpp(94): warning C4309: '=' : truncation of constant value
c:\users\vmontero\documents\megasync\chip8emulator\src\chip8machine.cpp(95): warning C4309: '=' : truncation of constant value
c:\users\vmontero\documents\megasync\chip8emulator\src\chip8machine.cpp(96): warning C4309: '=' : truncation of constant value
c:\users\vmontero\documents\megasync\chip8emulator\src\chip8machine.cpp(97): warning C4309: '=' : truncation of constant value
c:\users\vmontero\documents\megasync\chip8emulator\src\chip8machine.cpp(99): warning C4309: '=' : truncation of constant value
c:\users\vmontero\documents\megasync\chip8emulator\src\chip8machine.cpp(100): warning C4309: '=' : truncation of constant value
c:\users\vmontero\documents\megasync\chip8emulator\src\chip8machine.cpp(101): warning C4309: '=' : truncation of constant value
c:\users\vmontero\documents\megasync\chip8emulator\src\chip8machine.cpp(102): warning C4309: '=' : truncation of constant value
c:\users\vmontero\documents\megasync\chip8emulator\src\chip8machine.cpp(103): warning C4309: '=' : truncation of constant value
c:\users\vmontero\documents\megasync\chip8emulator\src\chip8machine.cpp(105): warning C4309: '=' : truncation of constant value
c:\users\vmontero\documents\megasync\chip8emulator\src\chip8machine.cpp(106): warning C4309: '=' : truncation of constant value
c:\users\vmontero\documents\megasync\chip8emulator\src\chip8machine.cpp(107): warning C4309: '=' : truncation of constant value
c:\users\vmontero\documents\megasync\chip8emulator\src\chip8machine.cpp(108): warning C4309: '=' : truncation of constant value
c:\users\vmontero\documents\megasync\chip8emulator\src\chip8machine.cpp(109): warning C4309: '=' : truncation of constant value
c:\users\vmontero\documents\megasync\chip8emulator\src\chip8machine.cpp(137): warning C4309: '=' : truncation of constant value
c:\users\vmontero\documents\megasync\chip8emulator\src\chip8machine.cpp(138): warning C4309: '=' : truncation of constant value
c:\users\vmontero\documents\megasync\chip8emulator\src\chip8machine.cpp(139): warning C4309: '=' : truncation of constant value
c:\users\vmontero\documents\megasync\chip8emulator\src\chip8machine.cpp(140): warning C4309: '=' : truncation of constant value
c:\users\vmontero\documents\megasync\chip8emulator\src\chip8machine.cpp(141): warning C4309: '=' : truncation of constant value
c:\users\vmontero\documents\megasync\chip8emulator\src\chip8machine.cpp(149): warning C4309: '=' : truncation of constant value
c:\users\vmontero\documents\megasync\chip8emulator\src\chip8machine.cpp(151): warning C4309: '=' : truncation of constant value
c:\users\vmontero\documents\megasync\chip8emulator\src\chip8machine.cpp(152): warning C4309: '=' : truncation of constant value
c:\users\vmontero\documents\megasync\chip8emulator\src\chip8machine.cpp(153): warning C4309: '=' : truncation of constant value
c:\users\vmontero\documents\megasync\chip8emulator\src\chip8machine.cpp(155): warning C4309: '=' : truncation of constant value
c:\users\vmontero\documents\megasync\chip8emulator\src\chip8machine.cpp(157): warning C4309: '=' : truncation of constant value
c:\users\vmontero\documents\megasync\chip8emulator\src\chip8machine.cpp(159): warning C4309: '=' : truncation of constant value
c:\users\vmontero\documents\megasync\chip8emulator\src\chip8machine.cpp(161): warning C4309: '=' : truncation of constant value
c:\users\vmontero\documents\megasync\chip8emulator\src\chip8machine.cpp(162): warning C4309: '=' : truncation of constant value
c:\users\vmontero\documents\megasync\chip8emulator\src\chip8machine.cpp(163): warning C4309: '=' : truncation of constant value
c:\users\vmontero\documents\megasync\chip8emulator\src\chip8machine.cpp(167): warning C4309: '=' : truncation of constant value
c:\users\vmontero\documents\megasync\chip8emulator\src\chip8machine.cpp(168): warning C4309: '=' : truncation of constant value
c:\users\vmontero\documents\megasync\chip8emulator\src\chip8machine.cpp(169): warning C4309: '=' : truncation of constant value
c:\users\vmontero\documents\megasync\chip8emulator\src\chip8machine.cpp(171): warning C4309: '=' : truncation of constant value
c:\users\vmontero\documents\megasync\chip8emulator\src\chip8machine.cpp(173): warning C4309: '=' : truncation of constant value
c:\users\vmontero\documents\megasync\chip8emulator\src\chip8machine.cpp(174): warning C4309: '=' : truncation of constant value
c:\users\vmontero\documents\megasync\chip8emulator\src\chip8machine.cpp(175): warning C4309: '=' : truncation of constant value
c:\users\vmontero\documents\megasync\chip8emulator\src\chip8machine.cpp(176): warning C4309: '=' : truncation of constant value
c:\users\vmontero\documents\megasync\chip8emulator\src\chip8machine.cpp(177): warning C4309: '=' : truncation of constant value
c:\users\vmontero\documents\megasync\chip8emulator\src\chip8machine.cpp(179): warning C4309: '=' : truncation of constant value
c:\users\vmontero\documents\megasync\chip8emulator\src\chip8machine.cpp(185): warning C4309: '=' : truncation of constant value
c:\users\vmontero\documents\megasync\chip8emulator\src\chip8machine.cpp(186): warning C4309: '=' : truncation of constant value
c:\users\vmontero\documents\megasync\chip8emulator\src\chip8machine.cpp(187): warning C4309: '=' : truncation of constant value
c:\users\vmontero\documents\megasync\chip8emulator\src\chip8machine.cpp(188): warning C4309: '=' : truncation of constant value
c:\users\vmontero\documents\megasync\chip8emulator\src\chip8machine.cpp(189): warning C4309: '=' : truncation of constant value
c:\users\vmontero\documents\megasync\chip8emulator\src\chip8machine.cpp(191): warning C4309: '=' : truncation of constant value
c:\users\vmontero\documents\megasync\chip8emulator\src\chip8machine.cpp(192): warning C4309: '=' : truncation of constant value
c:\users\vmontero\documents\megasync\chip8emulator\src\chip8machine.cpp(193): warning C4309: '=' : truncation of constant value
c:\users\vmontero\documents\megasync\chip8emulator\src\chip8machine.cpp(195): warning C4309: '=' : truncation of constant value
c:\users\vmontero\documents\megasync\chip8emulator\src\chip8machine.cpp(197): warning C4309: '=' : truncation of constant value
c:\users\vmontero\documents\megasync\chip8emulator\src\chip8machine.cpp(198): warning C4309: '=' : truncation of constant value
c:\users\vmontero\documents\megasync\chip8emulator\src\chip8machine.cpp(199): warning C4309: '=' : truncation of constant value
c:\users\vmontero\documents\megasync\chip8emulator\src\chip8machine.cpp(200): warning C4309: '=' : truncation of constant value
c:\users\vmontero\documents\megasync\chip8emulator\src\chip8machine.cpp(201): warning C4309: '=' : truncation of constant value
c:\users\vmontero\documents\megasync\chip8emulator\src\chip8machine.cpp(203): warning C4309: '=' : truncation of constant value
c:\users\vmontero\documents\megasync\chip8emulator\src\chip8machine.cpp(204): warning C4309: '=' : truncation of constant value
c:\users\vmontero\documents\megasync\chip8emulator\src\chip8machine.cpp(205): warning C4309: '=' : truncation of constant value
c:\users\vmontero\documents\megasync\chip8emulator\src\chip8machine.cpp(206): warning C4309: '=' : truncation of constant value
c:\users\vmontero\documents\megasync\chip8emulator\src\chip8machine.cpp(207): warning C4309: '=' : truncation of constant value
c:\users\vmontero\documents\megasync\chip8emulator\src\chip8machine.cpp(209): warning C4309: '=' : truncation of constant value
c:\users\vmontero\documents\megasync\chip8emulator\src\chip8machine.cpp(210): warning C4309: '=' : truncation of constant value
c:\users\vmontero\documents\megasync\chip8emulator\src\chip8machine.cpp(211): warning C4309: '=' : truncation of constant value
c:\users\vmontero\documents\megasync\chip8emulator\src\chip8machine.cpp(212): warning C4309: '=' : truncation of constant value
c:\users\vmontero\documents\megasync\chip8emulator\src\chip8machine.cpp(213): warning C4309: '=' : truncation of constant value
c:\users\vmontero\documents\megasync\chip8emulator\src\chip8machine.cpp(215): warning C4309: '=' : truncation of constant value
c:\users\vmontero\documents\megasync\chip8emulator\src\chip8machine.cpp(216): warning C4309: '=' : truncation of constant value
c:\users\vmontero\documents\megasync\chip8emulator\src\chip8machine.cpp(217): warning C4309: '=' : truncation of constant value
c:\users\vmontero\documents\megasync\chip8emulator\src\chip8machine.cpp(218): warning C4309: '=' : truncation of constant value
c:\users\vmontero\documents\megasync\chip8emulator\src\chip8machine.cpp(219): warning C4309: '=' : truncation of constant value
c:\users\vmontero\documents\megasync\chip8emulator\src\chip8machine.cpp(221): warning C4309: '=' : truncation of constant value
c:\users\vmontero\documents\megasync\chip8emulator\src\chip8machine.cpp(222): warning C4309: '=' : truncation of constant value
c:\users\vmontero\documents\megasync\chip8emulator\src\chip8machine.cpp(223): warning C4309: '=' : truncation of constant value
c:\users\vmontero\documents\megasync\chip8emulator\src\chip8machine.cpp(224): warning C4309: '=' : truncation of constant value
c:\users\vmontero\documents\megasync\chip8emulator\src\chip8machine.cpp(225): warning C4309: '=' : truncation of constant value
c:\users\vmontero\documents\megasync\chip8emulator\src\chip8machine.cpp(227): warning C4309: '=' : truncation of constant value
c:\users\vmontero\documents\megasync\chip8emulator\src\chip8machine.cpp(228): warning C4309: '=' : truncation of constant value
c:\users\vmontero\documents\megasync\chip8emulator\src\chip8machine.cpp(229): warning C4309: '=' : truncation of constant value
c:\users\vmontero\documents\megasync\chip8emulator\src\chip8machine.cpp(230): warning C4309: '=' : truncation of constant value
c:\users\vmontero\documents\megasync\chip8emulator\src\chip8machine.cpp(231): warning C4309: '=' : truncation of constant value
c:\users\vmontero\documents\megasync\chip8emulator\src\chip8machine.cpp(261): warning C4996: 'fopen': This function or variable may be unsafe. Consider using fopen_s instead. To disable deprecation, use _CRT_SECURE_NO_WARNINGS. See online help for details.
          c:\program files (x86)\microsoft visual studio 12.0\vc\include\stdio.h(211) : see declaration of 'fopen'
  Generating Code...
  Chip8Emulador.vcxproj -> C:\Users\vmontero\Documents\MEGAsync\Chip8Emulator\build\vs2012\..\..\bin\Debug\Chip8Emulador.exe
